<?xml version="1.0" encoding="UTF-8"?>
<testsuite name="com.jalp.server.ApplicationTests" tests="2" skipped="0" failures="0" errors="0" timestamp="2019-08-22T10:20:24" hostname="DESKTOP-21PB4AM" time="0.565">
  <properties/>
  <testcase name="contextLoads()" classname="com.jalp.server.ApplicationTests" time="0.243"/>
  <testcase name="answersCanBeReadFromDb()" classname="com.jalp.server.ApplicationTests" time="0.321"/>
  <system-out><![CDATA[19:20:16.918 [Test worker] DEBUG org.springframework.test.context.BootstrapUtils - Instantiating CacheAwareContextLoaderDelegate from class [org.springframework.test.context.cache.DefaultCacheAwareContextLoaderDelegate]
19:20:16.969 [Test worker] DEBUG org.springframework.test.context.BootstrapUtils - Instantiating BootstrapContext using constructor [public org.springframework.test.context.support.DefaultBootstrapContext(java.lang.Class,org.springframework.test.context.CacheAwareContextLoaderDelegate)]
19:20:17.032 [Test worker] DEBUG org.springframework.test.context.BootstrapUtils - Instantiating TestContextBootstrapper for test class [com.jalp.server.ApplicationTests] from class [org.springframework.boot.test.context.SpringBootTestContextBootstrapper]
19:20:17.060 [Test worker] INFO org.springframework.boot.test.context.SpringBootTestContextBootstrapper - Neither @ContextConfiguration nor @ContextHierarchy found for test class [com.jalp.server.ApplicationTests], using SpringBootContextLoader
19:20:17.069 [Test worker] DEBUG org.springframework.test.context.support.AbstractContextLoader - Did not detect default resource location for test class [com.jalp.server.ApplicationTests]: class path resource [com/jalp/server/ApplicationTests-context.xml] does not exist
19:20:17.069 [Test worker] DEBUG org.springframework.test.context.support.AbstractContextLoader - Did not detect default resource location for test class [com.jalp.server.ApplicationTests]: class path resource [com/jalp/server/ApplicationTestsContext.groovy] does not exist
19:20:17.070 [Test worker] INFO org.springframework.test.context.support.AbstractContextLoader - Could not detect default resource locations for test class [com.jalp.server.ApplicationTests]: no resource found for suffixes {-context.xml, Context.groovy}.
19:20:17.071 [Test worker] INFO org.springframework.test.context.support.AnnotationConfigContextLoaderUtils - Could not detect default configuration classes for test class [com.jalp.server.ApplicationTests]: ApplicationTests does not declare any static, non-private, non-final, nested classes annotated with @Configuration.
19:20:17.134 [Test worker] DEBUG org.springframework.test.context.support.ActiveProfilesUtils - Could not find an 'annotation declaring class' for annotation type [org.springframework.test.context.ActiveProfiles] and class [com.jalp.server.ApplicationTests]
19:20:17.275 [Test worker] DEBUG org.springframework.context.annotation.ClassPathScanningCandidateComponentProvider - Identified candidate component class: file [C:\projects\jalp\spring-boot-platform\build\classes\java\main\com\jalp\server\Application.class]
19:20:17.296 [Test worker] INFO org.springframework.boot.test.context.SpringBootTestContextBootstrapper - Found @SpringBootConfiguration com.jalp.server.Application for test class com.jalp.server.ApplicationTests
19:20:17.482 [Test worker] DEBUG org.springframework.boot.test.context.SpringBootTestContextBootstrapper - @TestExecutionListeners is not present for class [com.jalp.server.ApplicationTests]: using defaults.
19:20:17.483 [Test worker] INFO org.springframework.boot.test.context.SpringBootTestContextBootstrapper - Loaded default TestExecutionListener class names from location [META-INF/spring.factories]: [org.springframework.boot.test.autoconfigure.restdocs.RestDocsTestExecutionListener, org.springframework.boot.test.autoconfigure.web.client.MockRestServiceServerResetTestExecutionListener, org.springframework.boot.test.autoconfigure.web.servlet.MockMvcPrintOnlyOnFailureTestExecutionListener, org.springframework.boot.test.autoconfigure.web.servlet.WebDriverTestExecutionListener, org.springframework.boot.test.mock.mockito.MockitoTestExecutionListener, org.springframework.boot.test.mock.mockito.ResetMocksTestExecutionListener, org.springframework.test.context.web.ServletTestExecutionListener, org.springframework.test.context.support.DirtiesContextBeforeModesTestExecutionListener, org.springframework.test.context.support.DependencyInjectionTestExecutionListener, org.springframework.test.context.support.DirtiesContextTestExecutionListener, org.springframework.test.context.transaction.TransactionalTestExecutionListener, org.springframework.test.context.jdbc.SqlScriptsTestExecutionListener, org.springframework.test.context.event.EventPublishingTestExecutionListener]
19:20:17.512 [Test worker] INFO org.springframework.boot.test.context.SpringBootTestContextBootstrapper - Using TestExecutionListeners: [org.springframework.test.context.web.ServletTestExecutionListener@3d586429, org.springframework.test.context.support.DirtiesContextBeforeModesTestExecutionListener@31817976, org.springframework.boot.test.mock.mockito.MockitoTestExecutionListener@5a8212a0, org.springframework.boot.test.autoconfigure.SpringBootDependencyInjectionTestExecutionListener@4bbe95b2, org.springframework.test.context.support.DirtiesContextTestExecutionListener@35b9d9c0, org.springframework.test.context.transaction.TransactionalTestExecutionListener@fc94cc8, org.springframework.test.context.jdbc.SqlScriptsTestExecutionListener@45145883, org.springframework.test.context.event.EventPublishingTestExecutionListener@7a384696, org.springframework.boot.test.autoconfigure.restdocs.RestDocsTestExecutionListener@134e7c8, org.springframework.boot.test.autoconfigure.web.client.MockRestServiceServerResetTestExecutionListener@445e442a, org.springframework.boot.test.autoconfigure.web.servlet.MockMvcPrintOnlyOnFailureTestExecutionListener@2369cc62, org.springframework.boot.test.autoconfigure.web.servlet.WebDriverTestExecutionListener@1bdd326f, org.springframework.boot.test.mock.mockito.ResetMocksTestExecutionListener@3d718c7b]
19:20:17.517 [Test worker] DEBUG org.springframework.test.context.support.AbstractDirtiesContextTestExecutionListener - Before test class: context [DefaultTestContext@66fb90c2 testClass = ApplicationTests, testInstance = [null], testMethod = [null], testException = [null], mergedContextConfiguration = [WebMergedContextConfiguration@583d1d0d testClass = ApplicationTests, locations = '{}', classes = '{class com.jalp.server.Application}', contextInitializerClasses = '[]', activeProfiles = '{}', propertySourceLocations = '{}', propertySourceProperties = '{org.springframework.boot.test.context.SpringBootTestContextBootstrapper=true}', contextCustomizers = set[org.springframework.boot.test.autoconfigure.properties.PropertyMappingContextCustomizer@0, org.springframework.boot.test.autoconfigure.web.servlet.WebDriverContextCustomizerFactory$Customizer@56ae064f, org.springframework.boot.test.context.filter.ExcludeFilterContextCustomizer@34d67c95, org.springframework.boot.test.json.DuplicateJsonObjectContextCustomizerFactory$DuplicateJsonObjectContextCustomizer@7b347067, org.springframework.boot.test.mock.mockito.MockitoContextCustomizer@0, org.springframework.boot.test.web.client.TestRestTemplateContextCustomizer@7b0e4480], resourceBasePath = 'src/main/webapp', contextLoader = 'org.springframework.boot.test.context.SpringBootContextLoader', parent = [null]], attributes = map['org.springframework.test.context.web.ServletTestExecutionListener.activateListener' -> true]], class annotated with @DirtiesContext [false] with mode [null].
19:20:17.577 [Test worker] DEBUG org.springframework.test.context.support.TestPropertySourceUtils - Adding inlined properties to environment: {spring.jmx.enabled=false, org.springframework.boot.test.context.SpringBootTestContextBootstrapper=true, server.port=-1}

  .   ____          _            __ _ _
 /\\ / ___'_ __ _ _(_)_ __  __ _ \ \ \ \
( ( )\___ | '_ | '_| | '_ \/ _` | \ \ \ \
 \\/  ___)| |_)| | | | | || (_| |  ) ) ) )
  '  |____| .__|_| |_|_| |_\__, | / / / /
 =========|_|==============|___/=/_/_/_/
 :: Spring Boot ::             (v2.2.0.M5)

2019-08-22 19:20:18.029  INFO 17684 --- [    Test worker] com.jalp.server.ApplicationTests         : Starting ApplicationTests on DESKTOP-21PB4AM with PID 17684 (started by teje in C:\projects\jalp\spring-boot-platform)
2019-08-22 19:20:18.032  INFO 17684 --- [    Test worker] com.jalp.server.ApplicationTests         : No active profile set, falling back to default profiles: default
2019-08-22 19:20:19.012  INFO 17684 --- [    Test worker] .s.d.r.c.RepositoryConfigurationDelegate : Bootstrapping Spring Data repositories in DEFAULT mode.
2019-08-22 19:20:19.122  INFO 17684 --- [    Test worker] .s.d.r.c.RepositoryConfigurationDelegate : Finished Spring Data repository scanning in 99ms. Found 2 repository interfaces.
2019-08-22 19:20:19.628  INFO 17684 --- [    Test worker] trationDelegate$BeanPostProcessorChecker : Bean 'org.springframework.transaction.annotation.ProxyTransactionManagementConfiguration' of type [org.springframework.transaction.annotation.ProxyTransactionManagementConfiguration] is not eligible for getting processed by all BeanPostProcessors (for example: not eligible for auto-proxying)
2019-08-22 19:20:19.967  INFO 17684 --- [    Test worker] o.hibernate.jpa.internal.util.LogHelper  : HHH000204: Processing PersistenceUnitInfo [name: default]
2019-08-22 19:20:20.108  INFO 17684 --- [    Test worker] org.hibernate.Version                    : HHH000412: Hibernate Core {5.4.4.Final}
2019-08-22 19:20:20.377  INFO 17684 --- [    Test worker] o.hibernate.annotations.common.Version   : HCANN000001: Hibernate Commons Annotations {5.1.0.Final}
2019-08-22 19:20:20.560  INFO 17684 --- [    Test worker] com.zaxxer.hikari.HikariDataSource       : HikariPool-1 - Starting...
2019-08-22 19:20:20.919  INFO 17684 --- [    Test worker] com.zaxxer.hikari.HikariDataSource       : HikariPool-1 - Start completed.
2019-08-22 19:20:20.947  INFO 17684 --- [    Test worker] org.hibernate.dialect.Dialect            : HHH000400: Using dialect: org.hibernate.dialect.H2Dialect
2019-08-22 19:20:21.363  WARN 17684 --- [    Test worker] org.hibernate.mapping.RootClass          : HHH000038: Composite-id class does not override equals(): com.jalp.server.model.Authorities
2019-08-22 19:20:21.364  WARN 17684 --- [    Test worker] org.hibernate.mapping.RootClass          : HHH000039: Composite-id class does not override hashCode(): com.jalp.server.model.Authorities
Hibernate: drop table authorities if exists
Hibernate: drop table questions if exists
Hibernate: drop table users if exists
Hibernate: drop table vocabulary if exists
Hibernate: drop sequence if exists question_sequence
Hibernate: create sequence question_sequence start with 1000 increment by 50
Hibernate: create table authorities (username varchar(255) not null, authority varchar(255) not null, primary key (username, authority))
Hibernate: create table questions (id bigint not null, description text, title varchar(100), primary key (id))
Hibernate: create table users (username varchar(255) not null, enabled boolean, password varchar(255), primary key (username))
Hibernate: create table vocabulary (id binary not null, translation varchar(255), value varchar(255), primary key (id))
2019-08-22 19:20:22.209  INFO 17684 --- [    Test worker] o.h.e.t.j.p.i.JtaPlatformInitiator       : HHH000490: Using JtaPlatform implementation: [org.hibernate.engine.transaction.jta.platform.internal.NoJtaPlatform]
2019-08-22 19:20:22.214  INFO 17684 --- [    Test worker] j.LocalContainerEntityManagerFactoryBean : Initialized JPA EntityManagerFactory for persistence unit 'default'
2019-08-22 19:20:22.321  WARN 17684 --- [    Test worker] JpaBaseConfiguration$JpaWebConfiguration : spring.jpa.open-in-view is enabled by default. Therefore, database queries may be performed during view rendering. Explicitly configure spring.jpa.open-in-view to disable this warning
2019-08-22 19:20:22.902  INFO 17684 --- [    Test worker] o.s.s.p.JdbcUserDetailsManager           : No authentication manager set. Reauthentication of users when changing passwords will not be performed.
2019-08-22 19:20:23.625  INFO 17684 --- [    Test worker] o.s.s.web.DefaultSecurityFilterChain     : Creating filter chain: any request, [org.springframework.security.web.context.request.async.WebAsyncManagerIntegrationFilter@16d7c576, org.springframework.security.web.context.SecurityContextPersistenceFilter@55988d2c, org.springframework.security.web.header.HeaderWriterFilter@6b4d06c8, org.springframework.security.web.authentication.logout.LogoutFilter@31d2eefa, com.jalp.server.JwtRequestFilter@72c36deb, org.springframework.security.web.savedrequest.RequestCacheAwareFilter@40faf9a7, org.springframework.security.web.servletapi.SecurityContextHolderAwareRequestFilter@312de3e6, org.springframework.security.web.authentication.AnonymousAuthenticationFilter@3f754b53, org.springframework.security.web.session.SessionManagementFilter@2a0746b3, org.springframework.security.web.access.ExceptionTranslationFilter@7d58ed8e, org.springframework.security.web.access.intercept.FilterSecurityInterceptor@7a3a87a6]
2019-08-22 19:20:23.941  INFO 17684 --- [    Test worker] o.s.s.concurrent.ThreadPoolTaskExecutor  : Initializing ExecutorService 'applicationTaskExecutor'
2019-08-22 19:20:24.523  INFO 17684 --- [    Test worker] com.jalp.server.ApplicationTests         : Started ApplicationTests in 6.929 seconds (JVM running for 9.041)
2019-08-22 19:20:24.803  INFO 17684 --- [    Test worker] o.s.t.c.transaction.TransactionContext   : Began transaction (1) for test context [DefaultTestContext@66fb90c2 testClass = ApplicationTests, testInstance = com.jalp.server.ApplicationTests@14f03f74, testMethod = answersCanBeReadFromDb@ApplicationTests, testException = [null], mergedContextConfiguration = [WebMergedContextConfiguration@583d1d0d testClass = ApplicationTests, locations = '{}', classes = '{class com.jalp.server.Application}', contextInitializerClasses = '[]', activeProfiles = '{}', propertySourceLocations = '{}', propertySourceProperties = '{org.springframework.boot.test.context.SpringBootTestContextBootstrapper=true}', contextCustomizers = set[org.springframework.boot.test.autoconfigure.properties.PropertyMappingContextCustomizer@0, org.springframework.boot.test.autoconfigure.web.servlet.WebDriverContextCustomizerFactory$Customizer@56ae064f, org.springframework.boot.test.context.filter.ExcludeFilterContextCustomizer@34d67c95, org.springframework.boot.test.json.DuplicateJsonObjectContextCustomizerFactory$DuplicateJsonObjectContextCustomizer@7b347067, org.springframework.boot.test.mock.mockito.MockitoContextCustomizer@0, org.springframework.boot.test.web.client.TestRestTemplateContextCustomizer@7b0e4480], resourceBasePath = 'src/main/webapp', contextLoader = 'org.springframework.boot.test.context.SpringBootContextLoader', parent = [null]], attributes = map['org.springframework.test.context.web.ServletTestExecutionListener.activateListener' -> true, 'org.springframework.test.context.web.ServletTestExecutionListener.populatedRequestContextHolder' -> true, 'org.springframework.test.context.web.ServletTestExecutionListener.resetRequestContextHolder' -> true]]; transaction manager [org.springframework.orm.jpa.JpaTransactionManager@2a88f34c]; rollback [true]
Test started
Hibernate: insert into vocabulary (translation, value, id) values (?, ?, ?)
Hibernate: select vocable0_.id as id1_3_, vocable0_.translation as translat2_3_, vocable0_.value as value3_3_ from vocabulary vocable0_
Number of Vocables: 1
Vocable [id=2f5f9c4a-aa41-4790-ad88-5b6fd815314d, value=??, translation=restaurant]
2019-08-22 19:20:25.109  INFO 17684 --- [    Test worker] o.s.t.c.transaction.TransactionContext   : Rolled back transaction for test: [DefaultTestContext@66fb90c2 testClass = ApplicationTests, testInstance = com.jalp.server.ApplicationTests@14f03f74, testMethod = answersCanBeReadFromDb@ApplicationTests, testException = [null], mergedContextConfiguration = [WebMergedContextConfiguration@583d1d0d testClass = ApplicationTests, locations = '{}', classes = '{class com.jalp.server.Application}', contextInitializerClasses = '[]', activeProfiles = '{}', propertySourceLocations = '{}', propertySourceProperties = '{org.springframework.boot.test.context.SpringBootTestContextBootstrapper=true}', contextCustomizers = set[org.springframework.boot.test.autoconfigure.properties.PropertyMappingContextCustomizer@0, org.springframework.boot.test.autoconfigure.web.servlet.WebDriverContextCustomizerFactory$Customizer@56ae064f, org.springframework.boot.test.context.filter.ExcludeFilterContextCustomizer@34d67c95, org.springframework.boot.test.json.DuplicateJsonObjectContextCustomizerFactory$DuplicateJsonObjectContextCustomizer@7b347067, org.springframework.boot.test.mock.mockito.MockitoContextCustomizer@0, org.springframework.boot.test.web.client.TestRestTemplateContextCustomizer@7b0e4480], resourceBasePath = 'src/main/webapp', contextLoader = 'org.springframework.boot.test.context.SpringBootContextLoader', parent = [null]], attributes = map['org.springframework.test.context.web.ServletTestExecutionListener.activateListener' -> true, 'org.springframework.test.context.web.ServletTestExecutionListener.populatedRequestContextHolder' -> true, 'org.springframework.test.context.web.ServletTestExecutionListener.resetRequestContextHolder' -> true]]
]]></system-out>
  <system-err><![CDATA[]]></system-err>
</testsuite>
